05.24.10 23:27:29 a
05.24.10 23:27:58 Starting Cirrus.sh
05.24.10 23:28:16 Starting Cirrus.sh
05.24.10 23:31:08 Starting Cirrus.sh
05.26.10 21:47:24 Starting Cirrus.sh
05.26.10 21:47:59 Starting Cirrus.sh
05.26.10 21:50:17 Starting Cirrus.sh
05.26.10 21:50:17 addvm mrggrid Called
05.26.10 21:54:10 Starting Cirrus.sh
05.26.10 21:54:10 addvm mrggrid called
05.26.10 21:55:09 Starting Cirrus.sh
05.26.10 21:55:09 addvm mrggrid called
05.26.10 21:55:09 using /usr/local/Cirrus/Cirrus/conf/Cirrus.conf
05.26.10 21:56:34 Starting Cirrus.sh
05.26.10 21:56:34 addvm mrggrid called
05.26.10 21:59:33 Starting Cirrus.sh
05.26.10 21:59:33 addvm mrggrid called
05.26.10 22:01:27 Starting Cirrus.sh
05.26.10 22:01:27 addvm mrggrid called
05.26.10 22:04:44 Starting Cirrus.sh
05.26.10 22:04:44 addvm mrggrid called
05.26.10 22:13:23 Starting Cirrus.sh
05.26.10 22:13:23 addvm mrggrid called
05.26.10 22:13:35 Starting Cirrus.sh
05.26.10 22:13:35 addvm mrggrid called
05.26.10 22:24:40 Starting Cirrus.sh
05.26.10 22:25:03 Starting Cirrus.sh
05.26.10 22:25:03 addvm mrggrid called
05.26.10 22:25:03 rhev:full
05.26.10 22:25:03 satellite:full
05.26.10 22:25:58 Starting Cirrus.sh
05.26.10 22:25:58 addvm mrggrid called
05.26.10 22:25:58 driver:rhev
05.26.10 22:25:58 driver:satellite
05.26.10 22:32:12 Starting Cirrus.sh
05.26.10 22:32:12 addvm mrggrid called
05.26.10 22:32:12 driver:rhev
05.26.10 22:32:12 driver:satellite
05.26.10 22:32:30 Starting Cirrus.sh
05.26.10 22:32:30 addvm mrggrid called
05.26.10 22:32:30 driver:rhev
05.26.10 22:32:30 driver:satellite
05.26.10 22:35:44 Starting Cirrus.sh
05.26.10 22:35:44 addvm mrggrid called
05.26.10 22:35:44 driver:rhev
05.26.10 22:35:44 driver:satellite
05.26.10 22:36:22 Starting Cirrus.sh
05.26.10 22:36:22 addvm mrggrid called
05.26.10 22:36:22 driver:rhev
05.26.10 22:36:22 driver:satellite
05.26.10 22:42:43 Starting Cirrus.sh
05.26.10 22:42:43 addvm mrggrid called
05.26.10 22:42:43 driver:rhev
05.26.10 22:42:43 driver:satellite
05.26.10 22:43:19 Starting Cirrus.sh
05.26.10 22:43:19 addvm mrggrid called
05.26.10 22:43:19 driver:rhev
05.26.10 22:43:19 driver:satellite
05.27.10 21:33:19 Starting Cirrus.sh
05.27.10 21:33:19 addvm mrggrid called
05.27.10 21:33:19 driver:rhev
05.27.10 21:33:19 driver:satellite
05.27.10 21:34:21 Starting Cirrus.sh
05.27.10 21:34:21 addvm mrggrid called
05.27.10 21:34:21 driver:rhev
05.27.10 21:34:21 driver:satellite
05.27.10 21:35:49 Starting Cirrus.sh
05.27.10 21:35:49 addvm mrggrid called
05.27.10 21:35:49 driver:rhev
05.27.10 21:35:49 driver:satellite
05.27.10 21:37:24 Starting Cirrus.sh
05.27.10 21:37:24 addvm mrggrid called
05.27.10 21:37:24 driver:rhev
05.27.10 21:37:24 driver:satellite
05.27.10 21:38:36 Starting Cirrus.sh
05.27.10 21:38:36 addvm mrggrid called
05.27.10 21:38:36 driver:rhev
05.27.10 21:38:36 driver:satellite
05.27.10 21:38:44 Starting Cirrus.sh
05.27.10 21:38:44 addvm mrggrid called
05.27.10 21:38:44 driver:rhev
05.27.10 21:38:44 driver:satellite
05.27.10 21:44:47 Starting Cirrus.sh
05.27.10 21:44:47 addvm mrggrid called
05.27.10 21:44:47 driver:rhev
05.27.10 21:44:47 driver:satellite
05.27.10 21:47:48 Starting Cirrus.sh
05.27.10 21:47:48 addvm mrggrid called
05.27.10 21:47:48 driver:rhev
05.27.10 21:47:48 driver:satellite
05.27.10 21:48:48 Starting Cirrus.sh
05.27.10 21:48:48 addvm mrggrid called
05.27.10 21:48:48 driver:rhev
05.27.10 21:48:48 driver:satellite
06.01.10 10:24:47 Starting Cirrus.sh
06.01.10 10:24:47 addvm mrggrid called
06.01.10 10:25:18 Starting Cirrus.sh
06.01.10 10:25:18 addvm mrggrid called
06.01.10 13:48:55 Starting Cirrus.sh
06.01.10 13:48:55 addvm mrggrid called
06.01.10 13:51:06 Starting Cirrus.sh
06.01.10 13:51:06 addvm mrggrid called
06.01.10 13:51:06 driver:rhev
06.01.10 13:51:06 driver:satellite
06.01.10 13:51:06 /usr/local/Cirrus/Cirrus/drivers/satellite/client/CirrusCreateNewVm.sh:virt is: 
06.01.10 13:51:06 /usr/local/Cirrus/Cirrus/drivers/satellite/client/CirrusCreateNewVm.sh:no virt defined, cannot list current virtual machines
06.01.10 13:52:18 Starting Cirrus.sh
06.01.10 13:52:18 addvm mrggrid called
06.01.10 13:52:18 driver:rhev
06.01.10 13:52:18 driver:satellite
06.01.10 13:52:18 /usr/local/Cirrus/Cirrus/drivers/satellite/client/CirrusCreateNewVm.sh:line is : 
06.01.10 13:52:18 /usr/local/Cirrus/Cirrus/drivers/satellite/client/CirrusCreateNewVm.sh:virt is: 
06.01.10 13:52:18 /usr/local/Cirrus/Cirrus/drivers/satellite/client/CirrusCreateNewVm.sh:no virt defined, cannot list current virtual machines
06.01.10 13:52:39 Starting Cirrus.sh
06.01.10 13:52:39 addvm mrggrid called
06.01.10 13:52:40 driver:rhev
06.01.10 13:52:40 driver:satellite
06.01.10 13:52:40 /usr/local/Cirrus/Cirrus/drivers/satellite/client/CirrusCreateNewVm.sh:line is : mrggrid,mrgexec1,172.20.128.110,00:1A:4A:14:80:BB,virt;rhev,sysman;satellite
06.01.10 13:52:40 /usr/local/Cirrus/Cirrus/drivers/satellite/client/CirrusCreateNewVm.sh:virt is: ;rhev,sysman;satellite
06.01.10 13:52:40 /usr/local/Cirrus/Cirrus/drivers/satellite/client/CirrusCreateNewVm.sh:no virt defined, cannot list current virtual machines
06.01.10 13:53:16 Starting Cirrus.sh
06.01.10 13:53:16 addvm mrggrid called
06.01.10 13:53:16 driver:rhev
06.01.10 13:53:16 driver:satellite
06.01.10 13:53:16 /usr/local/Cirrus/Cirrus/drivers/satellite/client/CirrusCreateNewVm.sh:line is : mrggrid,mrgexec1,172.20.128.110,00:1A:4A:14:80:BB,virt;rhev,sysman;satellite
06.01.10 13:53:16 /usr/local/Cirrus/Cirrus/drivers/satellite/client/CirrusCreateNewVm.sh:virt is: ;rhev
06.01.10 13:53:16 /usr/local/Cirrus/Cirrus/drivers/satellite/client/CirrusCreateNewVm.sh:no virt defined, cannot list current virtual machines
06.01.10 13:54:08 Starting Cirrus.sh
06.01.10 13:54:08 addvm mrggrid called
06.01.10 13:54:09 driver:rhev
06.01.10 13:54:09 driver:satellite
06.01.10 13:54:09 /usr/local/Cirrus/Cirrus/drivers/satellite/client/CirrusCreateNewVm.sh:line is : mrggrid,mrgexec1,172.20.128.110,00:1A:4A:14:80:BB,virt;rhev,sysman;satellite
06.01.10 13:54:09 /usr/local/Cirrus/Cirrus/drivers/satellite/client/CirrusCreateNewVm.sh:virt is: ;rhev
06.01.10 13:54:47 Starting Cirrus.sh
06.01.10 13:54:47 addvm mrggrid called
06.01.10 13:54:47 driver:rhev
06.01.10 13:54:47 driver:satellite
06.01.10 13:54:47 /usr/local/Cirrus/Cirrus/drivers/satellite/client/CirrusCreateNewVm.sh:line is : mrggrid,mrgexec1,172.20.128.110,00:1A:4A:14:80:BB,virt;rhev,sysman;satellite
06.01.10 13:54:48 /usr/local/Cirrus/Cirrus/drivers/satellite/client/CirrusCreateNewVm.sh:virt is: ;rhev
06.01.10 13:56:59 Starting Cirrus.sh
06.01.10 13:56:59 addvm mrggrid called
06.01.10 13:56:59 driver:rhev
06.01.10 13:56:59 driver:satellite
06.01.10 13:56:59 /usr/local/Cirrus/Cirrus/drivers/satellite/client/CirrusCreateNewVm.sh:line is : mrggrid,mrgexec1,172.20.128.110,00:1A:4A:14:80:BB,virt;rhev,sysman;satellite
06.01.10 13:56:59 /usr/local/Cirrus/Cirrus/drivers/satellite/client/CirrusCreateNewVm.sh:virt is: ;rhev
06.01.10 13:57:01 /usr/local/Cirrus/Cirrus/drivers/satellite/client/CirrusCreateNewVm.sh: currently running virtual machine is: 
06.01.10 13:59:06 Starting Cirrus.sh
06.01.10 13:59:06 addvm mrggrid called
06.01.10 13:59:06 driver:rhev
06.01.10 13:59:06 driver:satellite
06.01.10 13:59:06 /usr/local/Cirrus/Cirrus/drivers/satellite/client/CirrusCreateNewVm.sh:line is : mrggrid,mrgexec1,172.20.128.110,00:1A:4A:14:80:BB,virt;rhev,sysman;satellite
06.01.10 13:59:06 /usr/local/Cirrus/Cirrus/drivers/satellite/client/CirrusCreateNewVm.sh:virt is: ;rhev
06.01.10 13:59:12 /usr/local/Cirrus/Cirrus/drivers/satellite/client/CirrusCreateNewVm.sh: currently running virtual machine is: mrgexec3
06.01.10 14:15:23 Starting Cirrus.sh
06.01.10 14:15:23 addvm mrggrid called
06.01.10 14:15:23 driver:rhev
06.01.10 14:15:23 driver:satellite
06.01.10 14:15:23 /usr/local/Cirrus/Cirrus/drivers/satellite/client/CirrusCreateNewVm.sh:line is : mrggrid,mrgexec1,172.20.128.110,00:1A:4A:14:80:BB,virt;rhev,sysman;satellite
06.01.10 14:15:23 /usr/local/Cirrus/Cirrus/drivers/satellite/client/CirrusCreateNewVm.sh:virt is: ;rhev
06.01.10 14:15:30 /usr/local/Cirrus/Cirrus/drivers/satellite/client/CirrusCreateNewVm.sh: currently running virtual machine is: mrgexec3
06.01.10 14:15:30 /usr/local/Cirrus/Cirrus/drivers/satellite/client/CirrusCreateNewVm.sh: next virtual machine is: mrgexec4
06.01.10 14:37:15 Starting Cirrus.sh
06.01.10 14:37:15 addvm mrggrid called
06.01.10 14:37:15 driver:rhev
06.01.10 14:37:15 driver:satellite
06.01.10 14:37:15 /usr/local/Cirrus/Cirrus/drivers/satellite/client/CirrusCreateNewVm.sh:line is : mrggrid,mrgexec1,172.20.128.110,00:1A:4A:14:80:BB,virt;rhev,sysman;satellite
06.01.10 14:37:15 /usr/local/Cirrus/Cirrus/drivers/satellite/client/CirrusCreateNewVm.sh:virt is: ;rhev
06.01.10 14:37:21 /usr/local/Cirrus/Cirrus/drivers/satellite/client/CirrusCreateNewVm.sh: currently running virtual machine is: mrgexec3
06.01.10 14:37:21 /usr/local/Cirrus/Cirrus/drivers/satellite/client/CirrusCreateNewVm.sh: next virtual machine is: mrgexec4
06.01.10 14:37:21 /usr/local/Cirrus/Cirrus/drivers/satellite/client/CirrusCreateNewVm.sh:next virtual machine line is : mrggrid,mrgexec4,172.20.128.113,00:1A:4A:14:80:BE,virt;rhev,sysman;satellite
06.01.10 14:37:21 /usr/local/Cirrus/Cirrus/drivers/satellite/client/CirrusCreateNewVm.sh:cobbler system add --name=mrgexec4 --profile=mrggrid --mac=00:1A:4A:14:80:BE --ip=172.20.128.113 --hostname=mrgexec4.ra.rh.com --dns-name=mrgexec4.ra.rh.com
06.01.10 14:37:24 /usr/local/Cirrus/Cirrus/drivers/satellite/client/CirrusCreateNewVm.sh:syncing cobbler
06.01.10 14:44:28 Starting Cirrus.sh
06.01.10 14:44:28 addvm mrggrid called
06.01.10 14:44:28 driver:rhev
06.01.10 14:44:28 driver:satellite
06.01.10 14:44:28 /usr/local/Cirrus/Cirrus/drivers/satellite/client/CirrusCreateNewVm.sh:line is : mrggrid,mrgexec1,172.20.128.110,00:1A:4A:14:80:BB,virt;rhev,sysman;satellite
06.01.10 14:44:28 /usr/local/Cirrus/Cirrus/drivers/satellite/client/CirrusCreateNewVm.sh:virt is: ;rhev
06.01.10 14:44:36 /usr/local/Cirrus/Cirrus/drivers/satellite/client/CirrusCreateNewVm.sh: currently running virtual machine is: mrgexec3
06.01.10 14:44:36 /usr/local/Cirrus/Cirrus/drivers/satellite/client/CirrusCreateNewVm.sh: next virtual machine is: mrgexec4
06.01.10 14:44:36 /usr/local/Cirrus/Cirrus/drivers/satellite/client/CirrusCreateNewVm.sh:next virtual machine line is : mrggrid,mrgexec4,172.20.128.113,00:1A:4A:14:80:BE,virt;rhev,sysman;satellite
06.01.10 14:44:36 /usr/local/Cirrus/Cirrus/drivers/satellite/client/CirrusCreateNewVm.sh:cobbler system add --name=mrgexec4 --profile=mrggrid --mac=00:1A:4A:14:80:BE --ip=172.20.128.113 --hostname=mrgexec4.ra.rh.com --dns-name=mrgexec4.ra.rh.com
06.01.10 14:44:36 /usr/local/Cirrus/Cirrus/drivers/satellite/client/CirrusCreateNewVm.sh:syncing cobbler
06.01.10 14:46:27 Starting Cirrus.sh
06.01.10 14:46:27 addvm mrggrid called
06.01.10 14:46:27 driver:rhev
06.01.10 14:46:27 driver:satellite
06.01.10 14:46:27 /usr/local/Cirrus/Cirrus/drivers/satellite/client/CirrusCreateNewVm.sh:line is : mrggrid,mrgexec1,172.20.128.110,00:1A:4A:14:80:BB,virt;rhev,sysman;satellite
06.01.10 14:46:27 /usr/local/Cirrus/Cirrus/drivers/satellite/client/CirrusCreateNewVm.sh:virt is: ;rhev
06.01.10 14:46:32 /usr/local/Cirrus/Cirrus/drivers/satellite/client/CirrusCreateNewVm.sh: currently running virtual machine is: mrgexec3
06.01.10 14:46:32 /usr/local/Cirrus/Cirrus/drivers/satellite/client/CirrusCreateNewVm.sh: next virtual machine is: mrgexec4
06.01.10 14:46:32 /usr/local/Cirrus/Cirrus/drivers/satellite/client/CirrusCreateNewVm.sh:next virtual machine line is : mrggrid,mrgexec4,172.20.128.113,00:1A:4A:14:80:BE,virt;rhev,sysman;satellite
06.01.10 14:46:32 /usr/local/Cirrus/Cirrus/drivers/satellite/client/CirrusCreateNewVm.sh:cobbler system add --name=mrgexec4 --profile=mrggrid --mac=00:1A:4A:14:80:BE --ip=172.20.128.113 --hostname=mrgexec4.ra.rh.com --dns-name=mrgexec4.ra.rh.com
06.01.10 14:46:33 /usr/local/Cirrus/Cirrus/drivers/satellite/client/CirrusCreateNewVm.sh:syncing cobbler
06.01.10 14:49:01 Starting Cirrus.sh
06.01.10 14:49:01 addvm mrggrid called
06.01.10 14:49:02 driver:rhev
06.01.10 14:49:02 driver:satellite
06.01.10 14:49:02 /usr/local/Cirrus/Cirrus/drivers/satellite/client/CirrusCreateNewVm.sh:line is : mrggrid,mrgexec1,172.20.128.110,00:1A:4A:14:80:BB,virt;rhev,sysman;satellite
06.01.10 14:49:02 /usr/local/Cirrus/Cirrus/drivers/satellite/client/CirrusCreateNewVm.sh:virt is: ;rhev
06.01.10 14:49:07 /usr/local/Cirrus/Cirrus/drivers/satellite/client/CirrusCreateNewVm.sh: currently running virtual machine is: mrgexec3
06.01.10 14:49:07 /usr/local/Cirrus/Cirrus/drivers/satellite/client/CirrusCreateNewVm.sh: next virtual machine is: mrgexec4
06.01.10 14:49:07 /usr/local/Cirrus/Cirrus/drivers/satellite/client/CirrusCreateNewVm.sh:next virtual machine line is : mrggrid,mrgexec4,172.20.128.113,00:1A:4A:14:80:BE,virt;rhev,sysman;satellite
06.01.10 14:49:07 /usr/local/Cirrus/Cirrus/drivers/satellite/client/CirrusCreateNewVm.sh:cobbler system add --name=mrgexec4 --profile=
coe-mrg-gridexec:22:tenants --mac=00:1A:4A:14:80:BE --ip=172.20.128.113 --hostname=mrgexec4.ra.rh.com --dns-name=mrgexec4.ra.rh.com
06.01.10 14:49:07 /usr/local/Cirrus/Cirrus/drivers/satellite/client/CirrusCreateNewVm.sh:syncing cobbler
06.01.10 14:50:10 Starting Cirrus.sh
06.01.10 14:50:10 addvm mrggrid called
06.01.10 14:50:10 driver:rhev
06.01.10 14:50:10 driver:satellite
06.01.10 14:50:10 /usr/local/Cirrus/Cirrus/drivers/satellite/client/CirrusCreateNewVm.sh:line is : mrggrid,mrgexec1,172.20.128.110,00:1A:4A:14:80:BB,virt;rhev,sysman;satellite
06.01.10 14:50:10 /usr/local/Cirrus/Cirrus/drivers/satellite/client/CirrusCreateNewVm.sh:virt is: ;rhev
06.01.10 14:50:17 /usr/local/Cirrus/Cirrus/drivers/satellite/client/CirrusCreateNewVm.sh: currently running virtual machine is: mrgexec3
06.01.10 14:50:17 /usr/local/Cirrus/Cirrus/drivers/satellite/client/CirrusCreateNewVm.sh: next virtual machine is: mrgexec4
06.01.10 14:50:17 /usr/local/Cirrus/Cirrus/drivers/satellite/client/CirrusCreateNewVm.sh:next virtual machine line is : mrggrid,mrgexec4,172.20.128.113,00:1A:4A:14:80:BE,virt;rhev,sysman;satellite
06.01.10 14:50:17 /usr/local/Cirrus/Cirrus/drivers/satellite/client/CirrusCreateNewVm.sh: using profile: mrggrid
06.01.10 14:50:17 /usr/local/Cirrus/Cirrus/drivers/satellite/client/CirrusCreateNewVm.sh:cobbler system add --name=mrgexec4 --profile=mrggrid --mac=00:1A:4A:14:80:BE --ip=172.20.128.113 --hostname=mrgexec4.ra.rh.com --dns-name=mrgexec4.ra.rh.com
06.01.10 14:50:17 /usr/local/Cirrus/Cirrus/drivers/satellite/client/CirrusCreateNewVm.sh:syncing cobbler
06.01.10 14:51:29 Starting Cirrus.sh
06.01.10 14:51:29 addvm mrggrid called
06.01.10 14:51:30 driver:rhev
06.01.10 14:51:30 driver:satellite
06.01.10 14:51:30 /usr/local/Cirrus/Cirrus/drivers/satellite/client/CirrusCreateNewVm.sh:line is : mrggrid,mrgexec1,172.20.128.110,00:1A:4A:14:80:BB,virt;rhev,sysman;satellite
06.01.10 14:51:30 /usr/local/Cirrus/Cirrus/drivers/satellite/client/CirrusCreateNewVm.sh:virt is: ;rhev
06.01.10 14:51:35 /usr/local/Cirrus/Cirrus/drivers/satellite/client/CirrusCreateNewVm.sh: currently running virtual machine is: mrgexec3
06.01.10 14:51:35 /usr/local/Cirrus/Cirrus/drivers/satellite/client/CirrusCreateNewVm.sh: next virtual machine is: mrgexec4
06.01.10 14:51:35 /usr/local/Cirrus/Cirrus/drivers/satellite/client/CirrusCreateNewVm.sh:next virtual machine line is : mrggrid,mrgexec4,172.20.128.113,00:1A:4A:14:80:BE,virt;rhev,sysman;satellite
06.01.10 14:51:35 /usr/local/Cirrus/Cirrus/drivers/satellite/client/CirrusCreateNewVm.sh: line is : 
coe-mrg-gridexec:22:tenants
06.01.10 14:51:35 /usr/local/Cirrus/Cirrus/drivers/satellite/client/CirrusCreateNewVm.sh: using profile: mrggrid
06.01.10 14:51:35 /usr/local/Cirrus/Cirrus/drivers/satellite/client/CirrusCreateNewVm.sh:cobbler system add --name=mrgexec4 --profile=mrggrid --mac=00:1A:4A:14:80:BE --ip=172.20.128.113 --hostname=mrgexec4.ra.rh.com --dns-name=mrgexec4.ra.rh.com
06.01.10 14:51:35 /usr/local/Cirrus/Cirrus/drivers/satellite/client/CirrusCreateNewVm.sh:syncing cobbler
06.01.10 14:52:37 Starting Cirrus.sh
06.01.10 14:52:37 addvm mrggrid called
06.01.10 14:52:37 driver:rhev
06.01.10 14:52:37 driver:satellite
06.01.10 14:52:37 /usr/local/Cirrus/Cirrus/drivers/satellite/client/CirrusCreateNewVm.sh:line is : mrggrid,mrgexec1,172.20.128.110,00:1A:4A:14:80:BB,virt;rhev,sysman;satellite
06.01.10 14:52:37 /usr/local/Cirrus/Cirrus/drivers/satellite/client/CirrusCreateNewVm.sh:virt is: ;rhev
06.01.10 14:52:42 /usr/local/Cirrus/Cirrus/drivers/satellite/client/CirrusCreateNewVm.sh: currently running virtual machine is: mrgexec3
06.01.10 14:52:42 /usr/local/Cirrus/Cirrus/drivers/satellite/client/CirrusCreateNewVm.sh: next virtual machine is: mrgexec4
06.01.10 14:52:42 /usr/local/Cirrus/Cirrus/drivers/satellite/client/CirrusCreateNewVm.sh:next virtual machine line is : mrggrid,mrgexec4,172.20.128.113,00:1A:4A:14:80:BE,virt;rhev,sysman;satellite
06.01.10 14:52:42 /usr/local/Cirrus/Cirrus/drivers/satellite/client/CirrusCreateNewVm.sh: line is : 
coe-mrg-gridexec:22:tenants
06.01.10 14:52:42 /usr/local/Cirrus/Cirrus/drivers/satellite/client/CirrusCreateNewVm.sh: using profile: 
coe-mrg-gridexec:22:tenants
06.01.10 14:52:42 /usr/local/Cirrus/Cirrus/drivers/satellite/client/CirrusCreateNewVm.sh:cobbler system add --name=mrgexec4 --profile=
coe-mrg-gridexec:22:tenants --mac=00:1A:4A:14:80:BE --ip=172.20.128.113 --hostname=mrgexec4.ra.rh.com --dns-name=mrgexec4.ra.rh.com
06.01.10 14:52:42 /usr/local/Cirrus/Cirrus/drivers/satellite/client/CirrusCreateNewVm.sh:syncing cobbler
06.01.10 14:54:26 Starting Cirrus.sh
06.01.10 14:54:26 addvm mrggrid called
06.01.10 14:54:26 driver:rhev
06.01.10 14:54:26 driver:satellite
06.01.10 14:54:26 /usr/local/Cirrus/Cirrus/drivers/satellite/client/CirrusCreateNewVm.sh:line is : mrggrid,mrgexec1,172.20.128.110,00:1A:4A:14:80:BB,virt;rhev,sysman;satellite
06.01.10 14:54:27 /usr/local/Cirrus/Cirrus/drivers/satellite/client/CirrusCreateNewVm.sh:virt is: ;rhev
06.01.10 14:54:31 /usr/local/Cirrus/Cirrus/drivers/satellite/client/CirrusCreateNewVm.sh: currently running virtual machine is: mrgexec3
06.01.10 14:54:31 /usr/local/Cirrus/Cirrus/drivers/satellite/client/CirrusCreateNewVm.sh: next virtual machine is: mrgexec4
06.01.10 14:54:31 /usr/local/Cirrus/Cirrus/drivers/satellite/client/CirrusCreateNewVm.sh:next virtual machine line is : mrggrid,mrgexec4,172.20.128.113,00:1A:4A:14:80:BE,virt;rhev,sysman;satellite
06.01.10 14:54:31 /usr/local/Cirrus/Cirrus/drivers/satellite/client/CirrusCreateNewVm.sh: line is : coe-mrg-gridexec:22:tenants
06.01.10 14:54:31 /usr/local/Cirrus/Cirrus/drivers/satellite/client/CirrusCreateNewVm.sh: using profile: coe-mrg-gridexec:22:tenants
06.01.10 14:54:31 /usr/local/Cirrus/Cirrus/drivers/satellite/client/CirrusCreateNewVm.sh:cobbler system add --name=mrgexec4 --profile=coe-mrg-gridexec:22:tenants --mac=00:1A:4A:14:80:BE --ip=172.20.128.113 --hostname=mrgexec4.ra.rh.com --dns-name=mrgexec4.ra.rh.com
06.01.10 14:54:32 /usr/local/Cirrus/Cirrus/drivers/satellite/client/CirrusCreateNewVm.sh:syncing cobbler
